2020-04-03 14:38:24 INFO  Log:22 - Amazon
2020-04-03 14:39:21 INFO  Log:22 - Browser Opened
2020-04-03 14:48:58 INFO  Log:22 - Amazon
2020-04-03 14:50:04 INFO  Log:22 - Browser Opened
2020-04-03 14:50:18 INFO  Log:22 - Implicit wait given
2020-04-03 17:01:43 INFO  Log:22 - Amazon
2020-04-03 17:02:02 INFO  Log:22 - Browser Opened
2020-04-03 17:02:03 INFO  Log:22 - Implicit wait given
2020-04-03 17:06:35 INFO  Log:22 - Amazon
2020-04-03 17:06:47 INFO  Log:22 - Browser Opened
2020-04-03 17:06:49 INFO  Log:22 - Amazon Open
2020-04-03 17:09:46 INFO  Log:22 - Amazon
2020-04-03 17:09:58 INFO  Log:22 - Browser Opened
2020-04-03 17:09:59 INFO  Log:22 - Amazon Open
2020-04-03 17:12:35 INFO  Log:22 - Amazon
2020-04-03 17:12:47 INFO  Log:22 - Browser Opened
2020-04-03 17:12:49 INFO  Log:22 - Amazon Open
2020-04-03 17:13:41 INFO  Log:22 - Amazon
2020-04-03 17:13:55 INFO  Log:22 - Browser Opened
2020-04-03 17:13:57 INFO  Log:22 - Amazon Open
2020-04-03 17:15:56 INFO  Log:22 - Amazon
2020-04-03 17:16:10 INFO  Log:22 - Browser Opened
2020-04-03 17:16:12 INFO  Log:22 - Amazon Open
2020-04-03 17:16:27 INFO  Log:22 - Username enter Successfully
2020-04-03 17:16:27 ERROR Log:32 - Username Incorrect
2020-04-03 17:16:28 INFO  Log:22 - Password enter Successfully
2020-04-03 17:16:28 ERROR Log:32 - Password Incorrect
2020-04-03 17:16:34 INFO  Log:22 - Login Sucessfully
2020-04-03 17:18:23 INFO  Log:22 - Amazon
2020-04-03 17:18:41 INFO  Log:22 - Browser Opened
2020-04-03 17:18:47 INFO  Log:22 - Amazon Open
2020-04-03 17:19:09 INFO  Log:22 - Username enter Successfully
2020-04-03 17:19:10 INFO  Log:22 - Password enter Successfully
2020-04-03 17:19:22 INFO  Log:22 - Login Sucessfully
2020-04-03 23:33:30 INFO  Log:22 - Amazon
2020-04-03 23:34:27 INFO  Log:22 - Browser Opened
2020-04-03 23:34:28 INFO  Log:22 - Amazon Open
2020-04-03 23:45:25 INFO  Log:22 - Amazon
2020-04-03 23:45:52 INFO  Log:22 - Browser Opened
2020-04-03 23:45:53 INFO  Log:22 - Amazon Open
2020-04-03 23:55:41 INFO  Log:22 - Amazon
2020-04-03 23:55:53 INFO  Log:22 - Browser Opened
2020-04-03 23:55:54 INFO  Log:22 - Amazon Open
2020-04-03 23:57:35 INFO  Log:22 - Amazon
2020-04-03 23:57:46 INFO  Log:22 - Browser Opened
2020-04-03 23:57:48 INFO  Log:22 - Amazon Open
2020-04-04 00:05:39 INFO  Log:22 - Amazon
2020-04-04 00:06:47 INFO  Log:22 - Browser Opened
2020-04-04 00:06:49 INFO  Log:22 - Amazon Open
2020-04-04 00:07:46 INFO  Log:22 - Amazon
2020-04-04 00:08:40 INFO  Log:22 - Browser Opened
2020-04-04 00:08:42 INFO  Log:22 - Amazon Open
2020-04-04 00:09:16 INFO  Log:22 - Amazon
2020-04-04 00:09:30 INFO  Log:22 - Browser Opened
2020-04-04 00:09:32 INFO  Log:22 - Amazon Open
2020-04-04 00:13:29 INFO  Log:22 - Amazon
2020-04-04 00:13:37 INFO  Log:22 - Browser Opened
2020-04-04 00:13:38 INFO  Log:22 - Amazon Open
2020-04-04 00:14:38 INFO  Log:22 - Amazon
2020-04-04 00:14:50 INFO  Log:22 - Browser Opened
2020-04-04 00:14:51 INFO  Log:22 - Amazon Open
2020-04-04 00:15:37 INFO  Log:22 - Amazon
2020-04-04 00:15:51 INFO  Log:22 - Browser Opened
2020-04-04 00:15:53 INFO  Log:22 - Amazon Open
2020-04-04 00:17:35 INFO  Log:22 - Amazon
2020-04-04 00:17:48 INFO  Log:22 - Browser Opened
2020-04-04 00:17:49 INFO  Log:22 - Amazon Open
2020-04-04 00:18:45 INFO  Log:22 - Amazon
2020-04-04 00:18:55 INFO  Log:22 - Browser Opened
2020-04-04 00:18:57 INFO  Log:22 - Amazon Open
2020-04-04 14:17:58 INFO  Log:22 - Amazon
2020-04-04 14:18:09 INFO  Log:22 - Browser Opened
2020-04-04 14:18:11 INFO  Log:22 - Amazon Open
2020-04-04 14:18:16 INFO  Log:22 - Username enter Successfully
2020-04-04 14:18:16 INFO  Log:22 - Password enter Successfully
2020-04-04 14:18:18 INFO  Log:22 - Login Sucessfully
